TN:
SF:src\use-cases\add-attendee-to-presentatios-list-use-case.ts
FN:19,execute
FN:13,AddAttendeeToPresentatiosListUseCase
FNF:2
FNH:2
FNDA:5,execute
FNDA:4,AddAttendeeToPresentatiosListUseCase
DA:1,1
DA:2,1
DA:3,1
DA:4,1
DA:5,1
DA:6,1
DA:7,1
DA:8,1
DA:9,1
DA:10,1
DA:11,1
DA:12,1
DA:13,1
DA:14,4
DA:15,4
DA:16,4
DA:17,4
DA:18,1
DA:19,1
DA:20,5
DA:21,5
DA:22,5
DA:23,4
DA:24,4
DA:25,4
DA:26,5
DA:27,3
DA:28,3
DA:29,3
DA:30,5
DA:31,2
DA:32,2
DA:33,2
DA:34,1
DA:35,1
LF:35
LH:35
BRDA:19,0,0,5
BRDA:22,1,0,1
BRDA:23,2,0,4
BRDA:26,3,0,1
BRDA:27,4,0,3
BRDA:30,5,0,1
BRDA:31,6,0,2
BRDA:13,7,0,4
BRF:8
BRH:8
end_of_record
TN:
SF:src\use-cases\create-attendee-use-case.ts
FN:16,execute
FN:12,CreateAttendeeUseCase
FNF:2
FNH:2
FNDA:7,execute
FNDA:6,CreateAttendeeUseCase
DA:1,1
DA:2,1
DA:3,1
DA:4,1
DA:5,1
DA:6,1
DA:7,1
DA:8,1
DA:9,1
DA:10,1
DA:11,1
DA:12,1
DA:13,6
DA:14,6
DA:15,1
DA:16,1
DA:17,7
DA:18,7
DA:19,7
DA:20,7
DA:21,6
DA:22,6
DA:23,6
DA:24,1
LF:24
LH:24
BRDA:16,0,0,7
BRDA:20,1,0,1
BRDA:21,2,0,6
BRDA:12,3,0,6
BRF:4
BRH:4
end_of_record
TN:
SF:src\use-cases\create-presentation-use-case.ts
FN:26,execute
FN:21,CreatePresentationUseCase
FNF:2
FNH:2
FNDA:6,execute
FNDA:6,CreatePresentationUseCase
DA:1,1
DA:2,1
DA:3,1
DA:4,1
DA:5,1
DA:6,1
DA:7,1
DA:8,1
DA:9,1
DA:10,1
DA:11,1
DA:12,1
DA:13,1
DA:14,1
DA:15,1
DA:16,1
DA:17,1
DA:18,1
DA:19,1
DA:20,1
DA:21,1
DA:22,6
DA:23,6
DA:24,6
DA:25,1
DA:26,1
DA:27,6
DA:28,6
DA:29,6
DA:30,6
DA:31,1
DA:32,1
LF:32
LH:32
BRDA:26,0,0,6
BRDA:21,1,0,6
BRF:2
BRH:2
end_of_record
TN:
SF:src\use-cases\list-presentations-use-case.ts
FN:9,execute
FN:5,ListPresentationsUseCase
FNF:2
FNH:2
FNDA:1,execute
FNDA:1,ListPresentationsUseCase
DA:1,1
DA:2,1
DA:3,1
DA:4,1
DA:5,1
DA:6,1
DA:7,1
DA:8,1
DA:9,1
DA:10,1
DA:11,1
DA:12,1
DA:13,1
LF:13
LH:13
BRDA:9,0,0,1
BRDA:5,1,0,1
BRF:2
BRH:2
end_of_record
